Using pre-set license
Built from '2022.3/staging' branch; Version is '2022.3.2f1 (d74737c6db50) revision 14108471'; Using compiler version '192829333'; Build Type 'Release'
OS: 'Windows 10  (10.0.19045) 64bit Core' Language: 'ko' Physical Memory: 16255 MB
BatchMode: 1, IsHumanControllingUs: 0, StartBugReporterOnCrash: 0, Is64bit: 1, IsPro: 1

COMMAND LINE ARGUMENTS:
C:\Program Files\Unity\Hub\Editor\2022.3.2f1\Editor\Unity.exe
-adb2
-batchMode
-noUpm
-name
AssetImportWorker0
-projectPath
D:/Unity 2022.3.2f1/Fake Random Defence/RandomDefence
-logFile
Logs/AssetImportWorker0.log
-srvPort
50878
Successfully changed project path to: D:/Unity 2022.3.2f1/Fake Random Defence/RandomDefence
D:/Unity 2022.3.2f1/Fake Random Defence/RandomDefence
[UnityMemory] Configuration Parameters - Can be set up in boot.config
    "memorysetup-bucket-allocator-granularity=16"
    "memorysetup-bucket-allocator-bucket-count=8"
    "memorysetup-bucket-allocator-block-size=33554432"
    "memorysetup-bucket-allocator-block-count=8"
    "memorysetup-main-allocator-block-size=16777216"
    "memorysetup-thread-allocator-block-size=16777216"
    "memorysetup-gfx-main-allocator-block-size=16777216"
    "memorysetup-gfx-thread-allocator-block-size=16777216"
    "memorysetup-cache-allocator-block-size=4194304"
    "memorysetup-typetree-allocator-block-size=2097152"
    "memorysetup-profiler-bucket-allocator-granularity=16"
    "memorysetup-profiler-bucket-allocator-bucket-count=8"
    "memorysetup-profiler-bucket-allocator-block-size=33554432"
    "memorysetup-profiler-bucket-allocator-block-count=8"
    "memorysetup-profiler-allocator-block-size=16777216"
    "memorysetup-profiler-editor-allocator-block-size=1048576"
    "memorysetup-temp-allocator-size-main=16777216"
    "memorysetup-job-temp-allocator-block-size=2097152"
    "memorysetup-job-temp-allocator-block-size-background=1048576"
    "memorysetup-job-temp-allocator-reduction-small-platforms=262144"
    "memorysetup-allocator-temp-initial-block-size-main=262144"
    "memorysetup-allocator-temp-initial-block-size-worker=262144"
    "memorysetup-temp-allocator-size-background-worker=32768"
    "memorysetup-temp-allocator-size-job-worker=262144"
    "memorysetup-temp-allocator-size-preload-manager=33554432"
    "memorysetup-temp-allocator-size-nav-mesh-worker=65536"
    "memorysetup-temp-allocator-size-audio-worker=65536"
    "memorysetup-temp-allocator-size-cloud-worker=32768"
    "memorysetup-temp-allocator-size-gi-baking-worker=262144"
    "memorysetup-temp-allocator-size-gfx=262144"
Player connection [25300] Host "[IP] 172.30.1.69 [Port] 0 [Flags] 2 [Guid] 602252754 [EditorId] 602252754 [Version] 1048832 [Id] WindowsEditor(7,DESKTOP-60HJ7VJ) [Debug] 1 [PackageName] WindowsEditor [ProjectName] Editor" joined multi-casting on [225.0.0.222:54997]...

Player connection [25300] Host "[IP] 172.30.1.69 [Port] 0 [Flags] 2 [Guid] 602252754 [EditorId] 602252754 [Version] 1048832 [Id] WindowsEditor(7,DESKTOP-60HJ7VJ) [Debug] 1 [PackageName] WindowsEditor [ProjectName] Editor" joined alternative multi-casting on [225.0.0.222:34997]...

Refreshing native plugins compatible for Editor in 9.17 ms, found 4 plugins.
Preloading 0 native plugins for Editor in 0.00 ms.
Initialize engine version: 2022.3.2f1 (d74737c6db50)
[Subsystems] Discovering subsystems at path C:/Program Files/Unity/Hub/Editor/2022.3.2f1/Editor/Data/Resources/UnitySubsystems
[Subsystems] Discovering subsystems at path D:/Unity 2022.3.2f1/Fake Random Defence/RandomDefence/Assets
GfxDevice: creating device client; threaded=0; jobified=0
Direct3D:
    Version:  Direct3D 11.0 [level 11.1]
    Renderer: NVIDIA GeForce RTX 3060 (ID=0x2503)
    Vendor:   NVIDIA
    VRAM:     12129 MB
    Driver:   31.0.15.3623
Initialize mono
Mono path[0] = 'C:/Program Files/Unity/Hub/Editor/2022.3.2f1/Editor/Data/Managed'
Mono path[1] = 'C:/Program Files/Unity/Hub/Editor/2022.3.2f1/Editor/Data/MonoBleedingEdge/lib/mono/unityjit-win32'
Mono config path = 'C:/Program Files/Unity/Hub/Editor/2022.3.2f1/Editor/Data/MonoBleedingEdge/etc'
Using monoOptions --debugger-agent=transport=dt_socket,embedding=1,server=y,suspend=n,address=127.0.0.1:56324
Begin MonoManager ReloadAssembly
Registering precompiled unity dll's ...
Register platform support module: C:/Program Files/Unity/Hub/Editor/2022.3.2f1/Editor/Data/PlaybackEngines/AndroidPlayer/UnityEditor.Android.Extensions.dll
Register platform support module: C:/Program Files/Unity/Hub/Editor/2022.3.2f1/Editor/Data/PlaybackEngines/iOSSupport/UnityEditor.iOS.Extensions.dll
Register platform support module: C:/Program Files/Unity/Hub/Editor/2022.3.2f1/Editor/Data/PlaybackEngines/WindowsStandaloneSupport/UnityEditor.WindowsStandalone.Extensions.dll
Registered in 0.017416 seconds.
- Loaded All Assemblies, in  0.372 seconds
Native extension for WindowsStandalone target not found
[usbmuxd] Start listen thread
[usbmuxd] Listen thread started
Native extension for iOS target not found
Native extension for Android target not found
Android Extension - Scanning For ADB Devices 318 ms
Mono: successfully reloaded assembly
- Finished resetting the current domain, in  0.615 seconds
Domain Reload Profiling: 983ms
	BeginReloadAssembly (90ms)
		ExecutionOrderSort (0ms)
		DisableScriptedObjects (0ms)
		BackupInstance (0ms)
		ReleaseScriptingObjects (0ms)
		CreateAndSetChildDomain (1ms)
	RebuildCommonClasses (31ms)
	RebuildNativeTypeToScriptingClass (8ms)
	initialDomainReloadingComplete (69ms)
	LoadAllAssembliesAndSetupDomain (170ms)
		LoadAssemblies (88ms)
		RebuildTransferFunctionScriptingTraits (0ms)
		AnalyzeDomain (159ms)
			TypeCache.Refresh (158ms)
				TypeCache.ScanAssembly (140ms)
			ScanForSourceGeneratedMonoScriptInfo (0ms)
			ResolveRequiredComponents (0ms)
	FinalizeReload (615ms)
		ReleaseScriptCaches (0ms)
		RebuildScriptCaches (0ms)
		SetupLoadedEditorAssemblies (564ms)
			LogAssemblyErrors (0ms)
			InitializePlatformSupportModulesInManaged (430ms)
			SetLoadedEditorAssemblies (3ms)
			RefreshPlugins (0ms)
			BeforeProcessingInitializeOnLoad (2ms)
			ProcessInitializeOnLoadAttributes (87ms)
			ProcessInitializeOnLoadMethodAttributes (43ms)
			AfterProcessingInitializeOnLoad (0ms)
			EditorAssembliesLoaded (0ms)
		ExecutionOrderSort2 (0ms)
		AwakeInstancesAfterBackupRestoration (0ms)
========================================================================
Worker process is ready to serve import requests
Begin MonoManager ReloadAssembly
Symbol file LoadedFromMemory doesn't match image D:\Unity 2022.3.2f1\Fake Random Defence\RandomDefence\Library\PackageCache\com.unity.visualscripting@1.8.0\Editor\VisualScripting.Core\Dependencies\YamlDotNet\Unity.VisualScripting.YamlDotNet.dll
Symbol file LoadedFromMemory doesn't match image D:\Unity 2022.3.2f1\Fake Random Defence\RandomDefence\Library\PackageCache\com.unity.visualscripting@1.8.0\Editor\VisualScripting.Core\Dependencies\DotNetZip\Unity.VisualScripting.IonicZip.dll
- Loaded All Assemblies, in  0.669 seconds
Refreshing native plugins compatible for Editor in 3.80 ms, found 4 plugins.
Native extension for WindowsStandalone target not found
Native extension for iOS target not found
Native extension for Android target not found
[MODES] ModeService[none].Initialize
[MODES] ModeService[none].LoadModes
[MODES] Loading mode Default (0) for mode-current-id-RandomDefence
Package Manager log level set to [2]
[Package Manager] Server::EnsureServerProcessIsRunning -- launch failed, reason: Unity was launched with the -noUpm command-line argument
[Package Manager] UpmClient::Send -- Unable to send message (not connected to UPM process).
[Package Manager] Cannot connect to Unity Package Manager local server
Mono: successfully reloaded assembly
- Finished resetting the current domain, in  0.522 seconds
Domain Reload Profiling: 1188ms
	BeginReloadAssembly (122ms)
		ExecutionOrderSort (0ms)
		DisableScriptedObjects (4ms)
		BackupInstance (0ms)
		ReleaseScriptingObjects (0ms)
		CreateAndSetChildDomain (19ms)
	RebuildCommonClasses (31ms)
	RebuildNativeTypeToScriptingClass (10ms)
	initialDomainReloadingComplete (42ms)
	LoadAllAssembliesAndSetupDomain (461ms)
		LoadAssemblies (267ms)
		RebuildTransferFunctionScriptingTraits (0ms)
		AnalyzeDomain (253ms)
			TypeCache.Refresh (231ms)
				TypeCache.ScanAssembly (220ms)
			ScanForSourceGeneratedMonoScriptInfo (17ms)
			ResolveRequiredComponents (5ms)
	FinalizeReload (523ms)
		ReleaseScriptCaches (0ms)
		RebuildScriptCaches (0ms)
		SetupLoadedEditorAssemblies (390ms)
			LogAssemblyErrors (0ms)
			InitializePlatformSupportModulesInManaged (34ms)
			SetLoadedEditorAssemblies (2ms)
			RefreshPlugins (0ms)
			BeforeProcessingInitializeOnLoad (56ms)
			ProcessInitializeOnLoadAttributes (274ms)
			ProcessInitializeOnLoadMethodAttributes (13ms)
			AfterProcessingInitializeOnLoad (11ms)
			EditorAssembliesLoaded (0ms)
		ExecutionOrderSort2 (0ms)
		AwakeInstancesAfterBackupRestoration (10ms)
Launched and connected shader compiler UnityShaderCompiler.exe after 0.05 seconds
Refreshing native plugins compatible for Editor in 2.81 ms, found 4 plugins.
Preloading 0 native plugins for Editor in 0.00 ms.
Unloading 4008 Unused Serialized files (Serialized files now loaded: 0)
Unloading 63 unused Assets / (134.4 KB). Loaded Objects now: 4487.
Memory consumption went from 159.1 MB to 158.9 MB.
Total: 3.158100 ms (FindLiveObjects: 0.238100 ms CreateObjectMapping: 0.121100 ms MarkObjects: 2.674100 ms  DeleteObjects: 0.123800 ms)

AssetImportParameters requested are different than current active one (requested -> active):
  custom:container-demuxer-ogg: 62fdf1f143b41e24485cea50d1cbac27 -> 
  custom:video-decoder-ogg-theora: a1e56fd34408186e4bbccfd4996cb3dc -> 
  custom:framework-win-MediaFoundation: 216162199b28c13a410421893ffa2e32 -> 
  custom:container-demuxer-webm: 4f35f7cbe854078d1ac9338744f61a02 -> 
  custom:container-muxer-webm: aa71ff27fc2769a1b78a27578f13a17b -> 
  custom:video-decoder-webm-vp8: 9c59270c3fd7afecdb556c50c9e8de78 -> 
  custom:AudioImporter_EditorPlatform: d09bf68614088b80899f8185d706f6e7 -> 
  custom:video-encoder-webm-vp8: eb34c28f22e8b96e1ab97ce403110664 -> 
  custom:audio-decoder-ogg-vorbis: bf7c407c2cedff20999df2af8eb42d56 -> 
  custom:audio-encoder-webm-vorbis: bf7c407c2cedff20999df2af8eb42d56 -> 
========================================================================
Received Import Request.
  Time since last request: 19916.510170 seconds.
  path: Assets/00.Scenes/SampleScene.unity
  artifactKey: Guid(9fc0d4010bbf28b4594072e72b8655ab) Importer(815301076,1909f56bfc062723c751e8b465ee728b)
Start importing Assets/00.Scenes/SampleScene.unity using Guid(9fc0d4010bbf28b4594072e72b8655ab) Importer(815301076,1909f56bfc062723c751e8b465ee728b)  -> (artifact id: 'e96776233f9a854df1cd1872055ce40c') in 0.002249 seconds
Number of updated asset objects reloaded before import = 0
Number of asset objects unloaded after import = 0
========================================================================
Received Import Request.
  Time since last request: 2.053825 seconds.
  path: Assets/00.Scenes/Map.unity
  artifactKey: Guid(e3a0b3f1d6f00524d81bbde3f80a0790) Importer(815301076,1909f56bfc062723c751e8b465ee728b)
Start importing Assets/00.Scenes/Map.unity using Guid(e3a0b3f1d6f00524d81bbde3f80a0790) Importer(815301076,1909f56bfc062723c751e8b465ee728b)  -> (artifact id: 'c66312076bcc30847dc1503ccd5bd4aa') in 0.000389 seconds
Number of updated asset objects reloaded before import = 0
Number of asset objects unloaded after import = 0
========================================================================
Received Import Request.
  Time since last request: 157.141861 seconds.
  path: Assets/00.Scenes/Map.unity
  artifactKey: Guid(e3a0b3f1d6f00524d81bbde3f80a0790) Importer(815301076,1909f56bfc062723c751e8b465ee728b)
Start importing Assets/00.Scenes/Map.unity using Guid(e3a0b3f1d6f00524d81bbde3f80a0790) Importer(815301076,1909f56bfc062723c751e8b465ee728b)  -> (artifact id: '080bc169e322bdeef78fdd7ea007aa66') in 0.000450 seconds
Number of updated asset objects reloaded before import = 0
Number of asset objects unloaded after import = 0
========================================================================
Received Prepare
Begin MonoManager ReloadAssembly
Symbol file LoadedFromMemory doesn't match image D:\Unity 2022.3.2f1\Fake Random Defence\RandomDefence\Library\PackageCache\com.unity.visualscripting@1.8.0\Editor\VisualScripting.Core\Dependencies\YamlDotNet\Unity.VisualScripting.YamlDotNet.dll
Symbol file LoadedFromMemory doesn't match image D:\Unity 2022.3.2f1\Fake Random Defence\RandomDefence\Library\PackageCache\com.unity.visualscripting@1.8.0\Editor\VisualScripting.Core\Dependencies\DotNetZip\Unity.VisualScripting.IonicZip.dll
- Loaded All Assemblies, in  0.667 seconds
Refreshing native plugins compatible for Editor in 3.97 ms, found 4 plugins.
Native extension for WindowsStandalone target not found
Native extension for iOS target not found
Native extension for Android target not found
[MODES] ModeService[none].Initialize
[MODES] ModeService[none].LoadModes
[MODES] Loading mode Default (0) for mode-current-id-RandomDefence
[Package Manager] Server::EnsureServerProcessIsRunning -- launch failed, reason: Unity was launched with the -noUpm command-line argument
[Package Manager] UpmClient::Send -- Unable to send message (not connected to UPM process).
[Package Manager] Cannot connect to Unity Package Manager local server
Mono: successfully reloaded assembly
- Finished resetting the current domain, in  0.824 seconds
Domain Reload Profiling: 1489ms
	BeginReloadAssembly (150ms)
		ExecutionOrderSort (0ms)
		DisableScriptedObjects (4ms)
		BackupInstance (0ms)
		ReleaseScriptingObjects (0ms)
		CreateAndSetChildDomain (41ms)
	RebuildCommonClasses (28ms)
	RebuildNativeTypeToScriptingClass (9ms)
	initialDomainReloadingComplete (32ms)
	LoadAllAssembliesAndSetupDomain (445ms)
		LoadAssemblies (257ms)
		RebuildTransferFunctionScriptingTraits (0ms)
		AnalyzeDomain (254ms)
			TypeCache.Refresh (244ms)
				TypeCache.ScanAssembly (232ms)
			ScanForSourceGeneratedMonoScriptInfo (0ms)
			ResolveRequiredComponents (10ms)
	FinalizeReload (825ms)
		ReleaseScriptCaches (0ms)
		RebuildScriptCaches (0ms)
		SetupLoadedEditorAssemblies (397ms)
			LogAssemblyErrors (0ms)
			InitializePlatformSupportModulesInManaged (35ms)
			SetLoadedEditorAssemblies (3ms)
			RefreshPlugins (0ms)
			BeforeProcessingInitializeOnLoad (62ms)
			ProcessInitializeOnLoadAttributes (270ms)
			ProcessInitializeOnLoadMethodAttributes (15ms)
			AfterProcessingInitializeOnLoad (12ms)
			EditorAssembliesLoaded (0ms)
		ExecutionOrderSort2 (0ms)
		AwakeInstancesAfterBackupRestoration (14ms)
Refreshing native plugins compatible for Editor in 3.13 ms, found 4 plugins.
Preloading 0 native plugins for Editor in 0.00 ms.
Unloading 3996 Unused Serialized files (Serialized files now loaded: 0)
Unloading 35 unused Assets / (106.0 KB). Loaded Objects now: 4503.
Memory consumption went from 156.0 MB to 155.9 MB.
Total: 3.899500 ms (FindLiveObjects: 0.527100 ms CreateObjectMapping: 0.240500 ms MarkObjects: 3.054400 ms  DeleteObjects: 0.076200 ms)

Prepare: number of updated asset objects reloaded= 0
AssetImportParameters requested are different than current active one (requested -> active):
  custom:container-demuxer-ogg: 62fdf1f143b41e24485cea50d1cbac27 -> 
  custom:video-decoder-ogg-theora: a1e56fd34408186e4bbccfd4996cb3dc -> 
  custom:framework-win-MediaFoundation: 216162199b28c13a410421893ffa2e32 -> 
  custom:container-demuxer-webm: 4f35f7cbe854078d1ac9338744f61a02 -> 
  custom:container-muxer-webm: aa71ff27fc2769a1b78a27578f13a17b -> 
  custom:video-decoder-webm-vp8: 9c59270c3fd7afecdb556c50c9e8de78 -> 
  custom:AudioImporter_EditorPlatform: d09bf68614088b80899f8185d706f6e7 -> 
  custom:video-encoder-webm-vp8: eb34c28f22e8b96e1ab97ce403110664 -> 
  custom:audio-decoder-ogg-vorbis: bf7c407c2cedff20999df2af8eb42d56 -> 
  custom:audio-encoder-webm-vorbis: bf7c407c2cedff20999df2af8eb42d56 -> 
========================================================================
Received Prepare
Begin MonoManager ReloadAssembly
Symbol file LoadedFromMemory doesn't match image D:\Unity 2022.3.2f1\Fake Random Defence\RandomDefence\Library\PackageCache\com.unity.visualscripting@1.8.0\Editor\VisualScripting.Core\Dependencies\YamlDotNet\Unity.VisualScripting.YamlDotNet.dll
Symbol file LoadedFromMemory doesn't match image D:\Unity 2022.3.2f1\Fake Random Defence\RandomDefence\Library\PackageCache\com.unity.visualscripting@1.8.0\Editor\VisualScripting.Core\Dependencies\DotNetZip\Unity.VisualScripting.IonicZip.dll
- Loaded All Assemblies, in  0.642 seconds
Refreshing native plugins compatible for Editor in 3.03 ms, found 4 plugins.
Native extension for WindowsStandalone target not found
Native extension for iOS target not found
Native extension for Android target not found
[MODES] ModeService[none].Initialize
[MODES] ModeService[none].LoadModes
[MODES] Loading mode Default (0) for mode-current-id-RandomDefence
[Package Manager] Server::EnsureServerProcessIsRunning -- launch failed, reason: Unity was launched with the -noUpm command-line argument
[Package Manager] UpmClient::Send -- Unable to send message (not connected to UPM process).
[Package Manager] Cannot connect to Unity Package Manager local server
Mono: successfully reloaded assembly
- Finished resetting the current domain, in  0.858 seconds
Domain Reload Profiling: 1498ms
	BeginReloadAssembly (138ms)
		ExecutionOrderSort (0ms)
		DisableScriptedObjects (4ms)
		BackupInstance (0ms)
		ReleaseScriptingObjects (0ms)
		CreateAndSetChildDomain (37ms)
	RebuildCommonClasses (26ms)
	RebuildNativeTypeToScriptingClass (8ms)
	initialDomainReloadingComplete (29ms)
	LoadAllAssembliesAndSetupDomain (437ms)
		LoadAssemblies (257ms)
		RebuildTransferFunctionScriptingTraits (0ms)
		AnalyzeDomain (241ms)
			TypeCache.Refresh (237ms)
				TypeCache.ScanAssembly (227ms)
			ScanForSourceGeneratedMonoScriptInfo (0ms)
			ResolveRequiredComponents (4ms)
	FinalizeReload (859ms)
		ReleaseScriptCaches (0ms)
		RebuildScriptCaches (0ms)
		SetupLoadedEditorAssemblies (439ms)
			LogAssemblyErrors (0ms)
			InitializePlatformSupportModulesInManaged (41ms)
			SetLoadedEditorAssemblies (3ms)
			RefreshPlugins (0ms)
			BeforeProcessingInitializeOnLoad (69ms)
			ProcessInitializeOnLoadAttributes (297ms)
			ProcessInitializeOnLoadMethodAttributes (18ms)
			AfterProcessingInitializeOnLoad (11ms)
			EditorAssembliesLoaded (0ms)
		ExecutionOrderSort2 (0ms)
		AwakeInstancesAfterBackupRestoration (13ms)
Refreshing native plugins compatible for Editor in 2.86 ms, found 4 plugins.
Preloading 0 native plugins for Editor in 0.00 ms.
Unloading 3997 Unused Serialized files (Serialized files now loaded: 0)
Unloading 35 unused Assets / (106.1 KB). Loaded Objects now: 4519.
Memory consumption went from 156.2 MB to 156.1 MB.
Total: 3.047700 ms (FindLiveObjects: 0.341800 ms CreateObjectMapping: 0.148900 ms MarkObjects: 2.489500 ms  DeleteObjects: 0.066600 ms)

Prepare: number of updated asset objects reloaded= 0
AssetImportParameters requested are different than current active one (requested -> active):
  custom:container-demuxer-ogg: 62fdf1f143b41e24485cea50d1cbac27 -> 
  custom:video-decoder-ogg-theora: a1e56fd34408186e4bbccfd4996cb3dc -> 
  custom:framework-win-MediaFoundation: 216162199b28c13a410421893ffa2e32 -> 
  custom:container-demuxer-webm: 4f35f7cbe854078d1ac9338744f61a02 -> 
  custom:container-muxer-webm: aa71ff27fc2769a1b78a27578f13a17b -> 
  custom:video-decoder-webm-vp8: 9c59270c3fd7afecdb556c50c9e8de78 -> 
  custom:AudioImporter_EditorPlatform: d09bf68614088b80899f8185d706f6e7 -> 
  custom:video-encoder-webm-vp8: eb34c28f22e8b96e1ab97ce403110664 -> 
  custom:audio-decoder-ogg-vorbis: bf7c407c2cedff20999df2af8eb42d56 -> 
  custom:audio-encoder-webm-vorbis: bf7c407c2cedff20999df2af8eb42d56 -> 
========================================================================
Received Import Request.
  Time since last request: 1289.173377 seconds.
  path: Assets/WorldMaterialsFree/Built-In_RPMaterials/AgedDarkWood_StandardShader.mat
  artifactKey: Guid(6e8442dd275001c4f9d167e8d1b8c962) Importer(815301076,1909f56bfc062723c751e8b465ee728b)
Start importing Assets/WorldMaterialsFree/Built-In_RPMaterials/AgedDarkWood_StandardShader.mat using Guid(6e8442dd275001c4f9d167e8d1b8c962) Importer(815301076,1909f56bfc062723c751e8b465ee728b)  -> (artifact id: '414f2f451245e2683de8b9ed4a389d3f') in 0.338812 seconds
Number of updated asset objects reloaded before import = 0
Number of asset objects unloaded after import = 6
========================================================================
Received Import Request.
  Time since last request: 0.000020 seconds.
  path: Assets/WorldMaterialsFree/Built-In_RPMaterials/BathroomTiles_StandardShader.mat
  artifactKey: Guid(54161d75d68c76d47ac01572c964f8bc) Importer(815301076,1909f56bfc062723c751e8b465ee728b)
Start importing Assets/WorldMaterialsFree/Built-In_RPMaterials/BathroomTiles_StandardShader.mat using Guid(54161d75d68c76d47ac01572c964f8bc) Importer(815301076,1909f56bfc062723c751e8b465ee728b)  -> (artifact id: '3e3a9f39bbabf8c15b94a5315c2cd4e4') in 0.222997 seconds
Number of updated asset objects reloaded before import = 0
Number of asset objects unloaded after import = 5
========================================================================
Received Import Request.
  Time since last request: 0.000033 seconds.
  path: Assets/WorldMaterialsFree/Built-In_RPMaterials/CoarseConcrete_WMShader.mat
  artifactKey: Guid(015da0f3dbeb55f4c82fb3d0587dcca1) Importer(815301076,1909f56bfc062723c751e8b465ee728b)
Start importing Assets/WorldMaterialsFree/Built-In_RPMaterials/CoarseConcrete_WMShader.mat using Guid(015da0f3dbeb55f4c82fb3d0587dcca1) Importer(815301076,1909f56bfc062723c751e8b465ee728b)  -> (artifact id: '928a37af29ab2570b20a8c29f6def58a') in 0.411786 seconds
Number of updated asset objects reloaded before import = 0
Number of asset objects unloaded after import = 7
========================================================================
Received Import Request.
  Time since last request: 0.000017 seconds.
  path: Assets/WorldMaterialsFree/Built-In_RPMaterials/PlainWhiteFabric_WMShader.mat
  artifactKey: Guid(4318891aa1893e54b839de46698cfa2c) Importer(815301076,1909f56bfc062723c751e8b465ee728b)
Start importing Assets/WorldMaterialsFree/Built-In_RPMaterials/PlainWhiteFabric_WMShader.mat using Guid(4318891aa1893e54b839de46698cfa2c) Importer(815301076,1909f56bfc062723c751e8b465ee728b)  -> (artifact id: '5effdada6c3ed80c7cd6443539d80e9c') in 0.029481 seconds
Number of updated asset objects reloaded before import = 0
Number of asset objects unloaded after import = 7
========================================================================
Received Import Request.
  Time since last request: 0.000022 seconds.
  path: Assets/WorldMaterialsFree/Built-In_RPMaterials/CoarseConcrete_StandardShader.mat
  artifactKey: Guid(5e8ed97749e472a4c9123bc956cf671c) Importer(815301076,1909f56bfc062723c751e8b465ee728b)
Start importing Assets/WorldMaterialsFree/Built-In_RPMaterials/CoarseConcrete_StandardShader.mat using Guid(5e8ed97749e472a4c9123bc956cf671c) Importer(815301076,1909f56bfc062723c751e8b465ee728b)  -> (artifact id: 'd55999b136f6bdbf8df4f5238e74a3eb') in 0.021021 seconds
Number of updated asset objects reloaded before import = 0
Number of asset objects unloaded after import = 5
========================================================================
Received Import Request.
  Time since last request: 0.000019 seconds.
  path: Assets/WorldMaterialsFree/Built-In_RPMaterials/RuinStoneBricks_StandardShader.mat
  artifactKey: Guid(1fe720c95284ff24d8a9a2d5ef1b7c8c) Importer(815301076,1909f56bfc062723c751e8b465ee728b)
Start importing Assets/WorldMaterialsFree/Built-In_RPMaterials/RuinStoneBricks_StandardShader.mat using Guid(1fe720c95284ff24d8a9a2d5ef1b7c8c) Importer(815301076,1909f56bfc062723c751e8b465ee728b)  -> (artifact id: '69a156e718d4b2da1cf3b2eb56ff5b10') in 0.020887 seconds
Number of updated asset objects reloaded before import = 0
Number of asset objects unloaded after import = 5
========================================================================
Received Import Request.
  Time since last request: 0.000029 seconds.
  path: Assets/WorldMaterialsFree/Built-In_RPMaterials/WoodenFlooring_StandardShader.mat
  artifactKey: Guid(0c634d43759f96547a2894e2744199f1) Importer(815301076,1909f56bfc062723c751e8b465ee728b)
Start importing Assets/WorldMaterialsFree/Built-In_RPMaterials/WoodenFlooring_StandardShader.mat using Guid(0c634d43759f96547a2894e2744199f1) Importer(815301076,1909f56bfc062723c751e8b465ee728b)  -> (artifact id: '50794fb91cea2945fdfb687e014c9a9a') in 0.025808 seconds
Number of updated asset objects reloaded before import = 0
Number of asset objects unloaded after import = 6
========================================================================
Received Import Request.
  Time since last request: 0.000024 seconds.
  path: Assets/WorldMaterialsFree/Built-In_RPMaterials/ClumpMud_WMShader.mat
  artifactKey: Guid(66779585bb974764988f107bd278f7d2) Importer(815301076,1909f56bfc062723c751e8b465ee728b)
Start importing Assets/WorldMaterialsFree/Built-In_RPMaterials/ClumpMud_WMShader.mat using Guid(66779585bb974764988f107bd278f7d2) Importer(815301076,1909f56bfc062723c751e8b465ee728b)  -> (artifact id: '7dd1943267adf13dd0fc028ef959e5ef') in 0.025442 seconds
Number of updated asset objects reloaded before import = 0
Number of asset objects unloaded after import = 7
========================================================================
Received Import Request.
  Time since last request: 0.000017 seconds.
  path: Assets/WorldMaterialsFree/Built-In_RPMaterials/DesertSandBrick_StandardShader.mat
  artifactKey: Guid(481d1d21c29b1ed41b50472c451abfda) Importer(815301076,1909f56bfc062723c751e8b465ee728b)
Start importing Assets/WorldMaterialsFree/Built-In_RPMaterials/DesertSandBrick_StandardShader.mat using Guid(481d1d21c29b1ed41b50472c451abfda) Importer(815301076,1909f56bfc062723c751e8b465ee728b)  -> (artifact id: '313542640306f8e59aa300e38b5153dd') in 0.020316 seconds
Number of updated asset objects reloaded before import = 0
Number of asset objects unloaded after import = 5
========================================================================
Received Import Request.
  Time since last request: 0.000022 seconds.
  path: Assets/WorldMaterialsFree/Built-In_RPMaterials/BrushedIron_WMShader.mat
  artifactKey: Guid(a293034410ea13649bd3df957b15f3ab) Importer(815301076,1909f56bfc062723c751e8b465ee728b)
Start importing Assets/WorldMaterialsFree/Built-In_RPMaterials/BrushedIron_WMShader.mat using Guid(a293034410ea13649bd3df957b15f3ab) Importer(815301076,1909f56bfc062723c751e8b465ee728b)  -> (artifact id: 'b5ef850d1ea515a58b0bbfc3d342a5bb') in 0.037525 seconds
Number of updated asset objects reloaded before import = 0
Number of asset objects unloaded after import = 8
========================================================================
Received Import Request.
  Time since last request: 0.000029 seconds.
  path: Assets/WorldMaterialsFree/Built-In_RPMaterials/GrassGravel_StandardShader.mat
  artifactKey: Guid(64154d5d80792f94f86e62d53e3aea66) Importer(815301076,1909f56bfc062723c751e8b465ee728b)
Start importing Assets/WorldMaterialsFree/Built-In_RPMaterials/GrassGravel_StandardShader.mat using Guid(64154d5d80792f94f86e62d53e3aea66) Importer(815301076,1909f56bfc062723c751e8b465ee728b)  -> (artifact id: '99d6d206c39f40f3cb33d2d56fcd73dc') in 0.023619 seconds
Number of updated asset objects reloaded before import = 0
Number of asset objects unloaded after import = 5
========================================================================
Received Import Request.
  Time since last request: 0.000022 seconds.
  path: Assets/WorldMaterialsFree/Built-In_RPMaterials/WavySand_WMShader.mat
  artifactKey: Guid(fdb4ea3af6900bf46a224639828a821a) Importer(815301076,1909f56bfc062723c751e8b465ee728b)
Start importing Assets/WorldMaterialsFree/Built-In_RPMaterials/WavySand_WMShader.mat using Guid(fdb4ea3af6900bf46a224639828a821a) Importer(815301076,1909f56bfc062723c751e8b465ee728b)  -> (artifact id: '4eb335937b240367d79b21873423bb8d') in 0.035758 seconds
Number of updated asset objects reloaded before import = 0
Number of asset objects unloaded after import = 8
========================================================================
Received Import Request.
  Time since last request: 0.000031 seconds.
  path: Assets/WorldMaterialsFree/Built-In_RPMaterials/BrushedIron_StandardShader.mat
  artifactKey: Guid(9af34721d62dd804da5c720b8325b5d3) Importer(815301076,1909f56bfc062723c751e8b465ee728b)
Start importing Assets/WorldMaterialsFree/Built-In_RPMaterials/BrushedIron_StandardShader.mat using Guid(9af34721d62dd804da5c720b8325b5d3) Importer(815301076,1909f56bfc062723c751e8b465ee728b)  -> (artifact id: '7481157a48789732178bf1d4b3b65e06') in 0.260583 seconds
Number of updated asset objects reloaded before import = 0
Number of asset objects unloaded after import = 7
========================================================================
Received Import Request.
  Time since last request: 0.000046 seconds.
  path: Assets/WorldMaterialsFree/Built-In_RPMaterials/DesertCliffRock_WMShader.mat
  artifactKey: Guid(5788fa9255612c049bcf0d092efe95ce) Importer(815301076,1909f56bfc062723c751e8b465ee728b)
Start importing Assets/WorldMaterialsFree/Built-In_RPMaterials/DesertCliffRock_WMShader.mat using Guid(5788fa9255612c049bcf0d092efe95ce) Importer(815301076,1909f56bfc062723c751e8b465ee728b)  -> (artifact id: '81e6a533e3d95e5a07432e822a77e85d') in 0.038820 seconds
Number of updated asset objects reloaded before import = 0
Number of asset objects unloaded after import = 7
========================================================================
Received Import Request.
  Time since last request: 0.000036 seconds.
  path: Assets/WorldMaterialsFree/Built-In_RPMaterials/RuinStoneBricks_WMShader.mat
  artifactKey: Guid(258596a046ce9484b825867a99c21793) Importer(815301076,1909f56bfc062723c751e8b465ee728b)
Start importing Assets/WorldMaterialsFree/Built-In_RPMaterials/RuinStoneBricks_WMShader.mat using Guid(258596a046ce9484b825867a99c21793) Importer(815301076,1909f56bfc062723c751e8b465ee728b)  -> (artifact id: '2e0002c54858480534ec6a20a8792572') in 0.029042 seconds
Number of updated asset objects reloaded before import = 0
Number of asset objects unloaded after import = 7
Editor requested this worker to shutdown with reason: Scaling down because of idle timeout
TcpMessagingSession - receive error: operation aborted. errorcode: 995, details: 스레드 종료 또는 응용 프로그램 요청 때문에 I/O 작업이 취소되었습니다.
AssetImportWorker is now disconnected from the server
Process exiting
Exiting without the bug reporter. Application will terminate with return code 0