Using pre-set license
Built from '2022.3/staging' branch; Version is '2022.3.2f1 (d74737c6db50) revision 14108471'; Using compiler version '192829333'; Build Type 'Release'
OS: 'Windows 10  (10.0.19045) 64bit Core' Language: 'ko' Physical Memory: 16255 MB
BatchMode: 1, IsHumanControllingUs: 0, StartBugReporterOnCrash: 0, Is64bit: 1, IsPro: 1

COMMAND LINE ARGUMENTS:
C:\Program Files\Unity\Hub\Editor\2022.3.2f1\Editor\Unity.exe
-adb2
-batchMode
-noUpm
-name
AssetImportWorker4
-projectPath
D:/Unity 2022.3.2f1/Fake Random Defence/RandomDefence
-logFile
Logs/AssetImportWorker4.log
-srvPort
49646
Successfully changed project path to: D:/Unity 2022.3.2f1/Fake Random Defence/RandomDefence
D:/Unity 2022.3.2f1/Fake Random Defence/RandomDefence
[UnityMemory] Configuration Parameters - Can be set up in boot.config
    "memorysetup-bucket-allocator-granularity=16"
    "memorysetup-bucket-allocator-bucket-count=8"
    "memorysetup-bucket-allocator-block-size=33554432"
    "memorysetup-bucket-allocator-block-count=8"
    "memorysetup-main-allocator-block-size=16777216"
    "memorysetup-thread-allocator-block-size=16777216"
    "memorysetup-gfx-main-allocator-block-size=16777216"
    "memorysetup-gfx-thread-allocator-block-size=16777216"
    "memorysetup-cache-allocator-block-size=4194304"
    "memorysetup-typetree-allocator-block-size=2097152"
    "memorysetup-profiler-bucket-allocator-granularity=16"
    "memorysetup-profiler-bucket-allocator-bucket-count=8"
    "memorysetup-profiler-bucket-allocator-block-size=33554432"
    "memorysetup-profiler-bucket-allocator-block-count=8"
    "memorysetup-profiler-allocator-block-size=16777216"
    "memorysetup-profiler-editor-allocator-block-size=1048576"
    "memorysetup-temp-allocator-size-main=16777216"
    "memorysetup-job-temp-allocator-block-size=2097152"
    "memorysetup-job-temp-allocator-block-size-background=1048576"
    "memorysetup-job-temp-allocator-reduction-small-platforms=262144"
    "memorysetup-allocator-temp-initial-block-size-main=262144"
    "memorysetup-allocator-temp-initial-block-size-worker=262144"
    "memorysetup-temp-allocator-size-background-worker=32768"
    "memorysetup-temp-allocator-size-job-worker=262144"
    "memorysetup-temp-allocator-size-preload-manager=33554432"
    "memorysetup-temp-allocator-size-nav-mesh-worker=65536"
    "memorysetup-temp-allocator-size-audio-worker=65536"
    "memorysetup-temp-allocator-size-cloud-worker=32768"
    "memorysetup-temp-allocator-size-gi-baking-worker=262144"
    "memorysetup-temp-allocator-size-gfx=262144"
Player connection [31884] Host "[IP] 172.30.1.22 [Port] 0 [Flags] 2 [Guid] 3752380889 [EditorId] 3752380889 [Version] 1048832 [Id] WindowsEditor(7,DESKTOP-60HJ7VJ) [Debug] 1 [PackageName] WindowsEditor [ProjectName] Editor" joined multi-casting on [225.0.0.222:54997]...

Player connection [31884] Host "[IP] 172.30.1.22 [Port] 0 [Flags] 2 [Guid] 3752380889 [EditorId] 3752380889 [Version] 1048832 [Id] WindowsEditor(7,DESKTOP-60HJ7VJ) [Debug] 1 [PackageName] WindowsEditor [ProjectName] Editor" joined alternative multi-casting on [225.0.0.222:34997]...

Refreshing native plugins compatible for Editor in 8.14 ms, found 4 plugins.
Preloading 0 native plugins for Editor in 0.00 ms.
Initialize engine version: 2022.3.2f1 (d74737c6db50)
[Subsystems] Discovering subsystems at path C:/Program Files/Unity/Hub/Editor/2022.3.2f1/Editor/Data/Resources/UnitySubsystems
[Subsystems] Discovering subsystems at path D:/Unity 2022.3.2f1/Fake Random Defence/RandomDefence/Assets
GfxDevice: creating device client; threaded=0; jobified=0
Direct3D:
    Version:  Direct3D 11.0 [level 11.1]
    Renderer: NVIDIA GeForce RTX 3060 (ID=0x2503)
    Vendor:   NVIDIA
    VRAM:     12129 MB
    Driver:   31.0.15.3623
Initialize mono
Mono path[0] = 'C:/Program Files/Unity/Hub/Editor/2022.3.2f1/Editor/Data/Managed'
Mono path[1] = 'C:/Program Files/Unity/Hub/Editor/2022.3.2f1/Editor/Data/MonoBleedingEdge/lib/mono/unityjit-win32'
Mono config path = 'C:/Program Files/Unity/Hub/Editor/2022.3.2f1/Editor/Data/MonoBleedingEdge/etc'
Using monoOptions --debugger-agent=transport=dt_socket,embedding=1,server=y,suspend=n,address=127.0.0.1:56096
Begin MonoManager ReloadAssembly
Registering precompiled unity dll's ...
Register platform support module: C:/Program Files/Unity/Hub/Editor/2022.3.2f1/Editor/Data/PlaybackEngines/AndroidPlayer/UnityEditor.Android.Extensions.dll
Register platform support module: C:/Program Files/Unity/Hub/Editor/2022.3.2f1/Editor/Data/PlaybackEngines/iOSSupport/UnityEditor.iOS.Extensions.dll
Register platform support module: C:/Program Files/Unity/Hub/Editor/2022.3.2f1/Editor/Data/PlaybackEngines/WindowsStandaloneSupport/UnityEditor.WindowsStandalone.Extensions.dll
Registered in 0.013717 seconds.
- Loaded All Assemblies, in  0.317 seconds
Native extension for WindowsStandalone target not found
[usbmuxd] Start listen thread
[usbmuxd] Listen thread started
Native extension for iOS target not found
Native extension for Android target not found
Android Extension - Scanning For ADB Devices 315 ms
Mono: successfully reloaded assembly
- Finished resetting the current domain, in  0.598 seconds
Domain Reload Profiling: 913ms
	BeginReloadAssembly (92ms)
		ExecutionOrderSort (0ms)
		DisableScriptedObjects (0ms)
		BackupInstance (0ms)
		ReleaseScriptingObjects (0ms)
		CreateAndSetChildDomain (1ms)
	RebuildCommonClasses (28ms)
	RebuildNativeTypeToScriptingClass (8ms)
	initialDomainReloadingComplete (60ms)
	LoadAllAssembliesAndSetupDomain (126ms)
		LoadAssemblies (91ms)
		RebuildTransferFunctionScriptingTraits (0ms)
		AnalyzeDomain (117ms)
			TypeCache.Refresh (116ms)
				TypeCache.ScanAssembly (106ms)
			ScanForSourceGeneratedMonoScriptInfo (0ms)
			ResolveRequiredComponents (0ms)
	FinalizeReload (598ms)
		ReleaseScriptCaches (0ms)
		RebuildScriptCaches (0ms)
		SetupLoadedEditorAssemblies (550ms)
			LogAssemblyErrors (0ms)
			InitializePlatformSupportModulesInManaged (418ms)
			SetLoadedEditorAssemblies (3ms)
			RefreshPlugins (0ms)
			BeforeProcessingInitializeOnLoad (2ms)
			ProcessInitializeOnLoadAttributes (80ms)
			ProcessInitializeOnLoadMethodAttributes (47ms)
			AfterProcessingInitializeOnLoad (0ms)
			EditorAssembliesLoaded (0ms)
		ExecutionOrderSort2 (0ms)
		AwakeInstancesAfterBackupRestoration (0ms)
========================================================================
Worker process is ready to serve import requests
Begin MonoManager ReloadAssembly
Symbol file LoadedFromMemory doesn't match image D:\Unity 2022.3.2f1\Fake Random Defence\RandomDefence\Library\PackageCache\com.unity.visualscripting@1.8.0\Editor\VisualScripting.Core\Dependencies\YamlDotNet\Unity.VisualScripting.YamlDotNet.dll
Symbol file LoadedFromMemory doesn't match image D:\Unity 2022.3.2f1\Fake Random Defence\RandomDefence\Library\PackageCache\com.unity.visualscripting@1.8.0\Editor\VisualScripting.Core\Dependencies\DotNetZip\Unity.VisualScripting.IonicZip.dll
- Loaded All Assemblies, in  0.724 seconds
Refreshing native plugins compatible for Editor in 3.95 ms, found 4 plugins.
Native extension for WindowsStandalone target not found
Native extension for iOS target not found
Native extension for Android target not found
[MODES] ModeService[none].Initialize
[MODES] ModeService[none].LoadModes
[MODES] Loading mode Default (0) for mode-current-id-RandomDefence
Package Manager log level set to [2]
[Package Manager] Server::EnsureServerProcessIsRunning -- launch failed, reason: Unity was launched with the -noUpm command-line argument
[Package Manager] UpmClient::Send -- Unable to send message (not connected to UPM process).
[Package Manager] Cannot connect to Unity Package Manager local server
Mono: successfully reloaded assembly
- Finished resetting the current domain, in  0.559 seconds
Domain Reload Profiling: 1281ms
	BeginReloadAssembly (135ms)
		ExecutionOrderSort (0ms)
		DisableScriptedObjects (5ms)
		BackupInstance (0ms)
		ReleaseScriptingObjects (0ms)
		CreateAndSetChildDomain (22ms)
	RebuildCommonClasses (32ms)
	RebuildNativeTypeToScriptingClass (8ms)
	initialDomainReloadingComplete (46ms)
	LoadAllAssembliesAndSetupDomain (499ms)
		LoadAssemblies (301ms)
		RebuildTransferFunctionScriptingTraits (0ms)
		AnalyzeDomain (268ms)
			TypeCache.Refresh (248ms)
				TypeCache.ScanAssembly (234ms)
			ScanForSourceGeneratedMonoScriptInfo (16ms)
			ResolveRequiredComponents (4ms)
	FinalizeReload (559ms)
		ReleaseScriptCaches (0ms)
		RebuildScriptCaches (0ms)
		SetupLoadedEditorAssemblies (409ms)
			LogAssemblyErrors (0ms)
			InitializePlatformSupportModulesInManaged (34ms)
			SetLoadedEditorAssemblies (3ms)
			RefreshPlugins (0ms)
			BeforeProcessingInitializeOnLoad (66ms)
			ProcessInitializeOnLoadAttributes (281ms)
			ProcessInitializeOnLoadMethodAttributes (15ms)
			AfterProcessingInitializeOnLoad (10ms)
			EditorAssembliesLoaded (0ms)
		ExecutionOrderSort2 (0ms)
		AwakeInstancesAfterBackupRestoration (11ms)
Launched and connected shader compiler UnityShaderCompiler.exe after 0.05 seconds
Refreshing native plugins compatible for Editor in 3.27 ms, found 4 plugins.
Preloading 0 native plugins for Editor in 0.00 ms.
Unloading 4023 Unused Serialized files (Serialized files now loaded: 0)
Unloading 65 unused Assets / (0.9 MB). Loaded Objects now: 4502.
Memory consumption went from 162.9 MB to 162.1 MB.
Total: 3.659000 ms (FindLiveObjects: 0.217300 ms CreateObjectMapping: 0.118600 ms MarkObjects: 3.024100 ms  DeleteObjects: 0.298200 ms)

AssetImportParameters requested are different than current active one (requested -> active):
  custom:container-demuxer-ogg: 62fdf1f143b41e24485cea50d1cbac27 -> 
  custom:video-decoder-ogg-theora: a1e56fd34408186e4bbccfd4996cb3dc -> 
  custom:framework-win-MediaFoundation: 216162199b28c13a410421893ffa2e32 -> 
  custom:container-demuxer-webm: 4f35f7cbe854078d1ac9338744f61a02 -> 
  custom:container-muxer-webm: aa71ff27fc2769a1b78a27578f13a17b -> 
  custom:video-decoder-webm-vp8: 9c59270c3fd7afecdb556c50c9e8de78 -> 
  custom:AudioImporter_EditorPlatform: d09bf68614088b80899f8185d706f6e7 -> 
  custom:video-encoder-webm-vp8: eb34c28f22e8b96e1ab97ce403110664 -> 
  custom:audio-decoder-ogg-vorbis: bf7c407c2cedff20999df2af8eb42d56 -> 
  custom:audio-encoder-webm-vorbis: bf7c407c2cedff20999df2af8eb42d56 -> 
========================================================================
Received Import Request.
  Time since last request: 34331.975328 seconds.
  path: Assets/10.Others/WorldMaterialsFree/Resource Files/WavySand/WavySand_albedo.png
  artifactKey: Guid(6f71fbb013381db4bb78e6d59ddb1b9b) Importer(815301076,1909f56bfc062723c751e8b465ee728b)
Start importing Assets/10.Others/WorldMaterialsFree/Resource Files/WavySand/WavySand_albedo.png using Guid(6f71fbb013381db4bb78e6d59ddb1b9b) Importer(815301076,1909f56bfc062723c751e8b465ee728b)  -> (artifact id: 'e31052c168418f0339033d399f7cdb67') in 0.055116 seconds
Number of updated asset objects reloaded before import = 0
Number of asset objects unloaded after import = 2
========================================================================
Received Import Request.
  Time since last request: 0.016030 seconds.
  path: Assets/10.Others/WorldMaterialsFree/Resource Files/WavySand/WavySand_normal.png
  artifactKey: Guid(65f20b9071dc6d940a8ca40331d556f7) Importer(815301076,1909f56bfc062723c751e8b465ee728b)
Start importing Assets/10.Others/WorldMaterialsFree/Resource Files/WavySand/WavySand_normal.png using Guid(65f20b9071dc6d940a8ca40331d556f7) Importer(815301076,1909f56bfc062723c751e8b465ee728b)  -> (artifact id: '47e3c52c12268dc9c8279e43e9ab6672') in 0.086340 seconds
Number of updated asset objects reloaded before import = 0
Number of asset objects unloaded after import = 2
========================================================================
Received Import Request.
  Time since last request: 6.297162 seconds.
  path: Assets/10.Others/WorldMaterialsFree/Resource Files/BrushedIron/BrushedIron_Albedo.png
  artifactKey: Guid(450abdfc31012ee45a60a12a63706bdd) Importer(815301076,1909f56bfc062723c751e8b465ee728b)
Start importing Assets/10.Others/WorldMaterialsFree/Resource Files/BrushedIron/BrushedIron_Albedo.png using Guid(450abdfc31012ee45a60a12a63706bdd) Importer(815301076,1909f56bfc062723c751e8b465ee728b)  -> (artifact id: '1393ae2a0f1e064e04446dac51db986f') in 0.014340 seconds
Number of updated asset objects reloaded before import = 0
Number of asset objects unloaded after import = 2
========================================================================
Received Import Request.
  Time since last request: 0.000017 seconds.
  path: Assets/10.Others/WorldMaterialsFree/Resource Files/BrushedIron/BrushedIron_Metallic.png
  artifactKey: Guid(be2f8d770f6be0d4fae301de933abab6) Importer(815301076,1909f56bfc062723c751e8b465ee728b)
Start importing Assets/10.Others/WorldMaterialsFree/Resource Files/BrushedIron/BrushedIron_Metallic.png using Guid(be2f8d770f6be0d4fae301de933abab6) Importer(815301076,1909f56bfc062723c751e8b465ee728b)  -> (artifact id: 'acb366e369dad2b41fae6c169bfff99f') in 0.023429 seconds
Number of updated asset objects reloaded before import = 0
Number of asset objects unloaded after import = 2
========================================================================
Received Import Request.
  Time since last request: 0.250350 seconds.
  path: Assets/10.Others/WorldMaterialsFree/Resource Files/ClumpMud/ClumpMud_albedo.png
  artifactKey: Guid(8a3ef1722a8fd3a4c8353e18116e7a19) Importer(815301076,1909f56bfc062723c751e8b465ee728b)
Start importing Assets/10.Others/WorldMaterialsFree/Resource Files/ClumpMud/ClumpMud_albedo.png using Guid(8a3ef1722a8fd3a4c8353e18116e7a19) Importer(815301076,1909f56bfc062723c751e8b465ee728b)  -> (artifact id: '9cfd27dd27bd3b6711ac48672d1445af') in 0.022699 seconds
Number of updated asset objects reloaded before import = 0
Number of asset objects unloaded after import = 2
========================================================================
Received Import Request.
  Time since last request: 0.014859 seconds.
  path: Assets/10.Others/WorldMaterialsFree/Resource Files/ClumpMud/ClumpMud_Roughness.png
  artifactKey: Guid(f7bacf6227a370f4bb68a162cd7a690c) Importer(815301076,1909f56bfc062723c751e8b465ee728b)
Start importing Assets/10.Others/WorldMaterialsFree/Resource Files/ClumpMud/ClumpMud_Roughness.png using Guid(f7bacf6227a370f4bb68a162cd7a690c) Importer(815301076,1909f56bfc062723c751e8b465ee728b)  -> (artifact id: 'ad58b626055522d997d469dca4d5bf0c') in 0.054293 seconds
Number of updated asset objects reloaded before import = 0
Number of asset objects unloaded after import = 2
========================================================================
Received Import Request.
  Time since last request: 0.124024 seconds.
  path: Assets/10.Others/WorldMaterialsFree/Resource Files/CoarseConcrete/CoarseConcrete_Albedo.png
  artifactKey: Guid(f176ea04b25f35b4b891496779cb59ab) Importer(815301076,1909f56bfc062723c751e8b465ee728b)
Start importing Assets/10.Others/WorldMaterialsFree/Resource Files/CoarseConcrete/CoarseConcrete_Albedo.png using Guid(f176ea04b25f35b4b891496779cb59ab) Importer(815301076,1909f56bfc062723c751e8b465ee728b)  -> (artifact id: '2d95ff9923e54b5411bc17280f7e1cd2') in 0.015366 seconds
Number of updated asset objects reloaded before import = 0
Number of asset objects unloaded after import = 2
========================================================================
Received Import Request.
  Time since last request: 0.003615 seconds.
  path: Assets/10.Others/WorldMaterialsFree/Resource Files/CoarseConcrete/CoarseConcrete_normal.png
  artifactKey: Guid(539e779cb2e1e6a43b4d905e45ca9c8e) Importer(815301076,1909f56bfc062723c751e8b465ee728b)
Start importing Assets/10.Others/WorldMaterialsFree/Resource Files/CoarseConcrete/CoarseConcrete_normal.png using Guid(539e779cb2e1e6a43b4d905e45ca9c8e) Importer(815301076,1909f56bfc062723c751e8b465ee728b)  -> (artifact id: '70174df07650b85609af6421398b5472') in 0.064653 seconds
Number of updated asset objects reloaded before import = 0
Number of asset objects unloaded after import = 2
========================================================================
Received Import Request.
  Time since last request: 0.003174 seconds.
  path: Assets/10.Others/WorldMaterialsFree/Resource Files/CoarseConcrete/CoarseConcrete_roughness.png
  artifactKey: Guid(6ab6ea3e34b782d42be5cd1886524ee9) Importer(815301076,1909f56bfc062723c751e8b465ee728b)
Start importing Assets/10.Others/WorldMaterialsFree/Resource Files/CoarseConcrete/CoarseConcrete_roughness.png using Guid(6ab6ea3e34b782d42be5cd1886524ee9) Importer(815301076,1909f56bfc062723c751e8b465ee728b)  -> (artifact id: '55e7082aa1257c1d32178e8a7480a24d') in 0.024012 seconds
Number of updated asset objects reloaded before import = 0
Number of asset objects unloaded after import = 2
========================================================================
Received Import Request.
  Time since last request: 0.538178 seconds.
  path: Assets/10.Others/WorldMaterialsFree/Resource Files/DesertCliffRock/DesertCliffRock_Albedo.png
  artifactKey: Guid(0ff3d736d50e41a4c9f26cfbfd0672e6) Importer(815301076,1909f56bfc062723c751e8b465ee728b)
Start importing Assets/10.Others/WorldMaterialsFree/Resource Files/DesertCliffRock/DesertCliffRock_Albedo.png using Guid(0ff3d736d50e41a4c9f26cfbfd0672e6) Importer(815301076,1909f56bfc062723c751e8b465ee728b)  -> (artifact id: '0521238fd2dc89c82734f7f8f77c5c72') in 0.015510 seconds
Number of updated asset objects reloaded before import = 0
Number of asset objects unloaded after import = 2
========================================================================
Received Import Request.
  Time since last request: 0.000019 seconds.
  path: Assets/10.Others/WorldMaterialsFree/Resource Files/DesertCliffRock/DesertCliffRock_normal.png
  artifactKey: Guid(849cfd9762b661d43bde99a183d4ada7) Importer(815301076,1909f56bfc062723c751e8b465ee728b)
Start importing Assets/10.Others/WorldMaterialsFree/Resource Files/DesertCliffRock/DesertCliffRock_normal.png using Guid(849cfd9762b661d43bde99a183d4ada7) Importer(815301076,1909f56bfc062723c751e8b465ee728b)  -> (artifact id: '1b684b6cd39eeafb2e6a162de2e3260d') in 0.031726 seconds
Number of updated asset objects reloaded before import = 0
Number of asset objects unloaded after import = 2
========================================================================
Received Import Request.
  Time since last request: 0.630038 seconds.
  path: Assets/10.Others/WorldMaterialsFree/Resource Files/DesertSandBrick/DesertSandBricks_Albedo.png
  artifactKey: Guid(40d7fbe8ea051d34eba523ba288c3dee) Importer(815301076,1909f56bfc062723c751e8b465ee728b)
Start importing Assets/10.Others/WorldMaterialsFree/Resource Files/DesertSandBrick/DesertSandBricks_Albedo.png using Guid(40d7fbe8ea051d34eba523ba288c3dee) Importer(815301076,1909f56bfc062723c751e8b465ee728b)  -> (artifact id: '9ce856acf20fd93c820ee85344b5a4fb') in 0.017808 seconds
Number of updated asset objects reloaded before import = 0
Number of asset objects unloaded after import = 2
========================================================================
Received Import Request.
  Time since last request: 0.000019 seconds.
  path: Assets/10.Others/WorldMaterialsFree/Resource Files/DesertSandBrick/DesertSandBricks_normal.png
  artifactKey: Guid(9aadb6fe23a7254408035437838d84f8) Importer(815301076,1909f56bfc062723c751e8b465ee728b)
Start importing Assets/10.Others/WorldMaterialsFree/Resource Files/DesertSandBrick/DesertSandBricks_normal.png using Guid(9aadb6fe23a7254408035437838d84f8) Importer(815301076,1909f56bfc062723c751e8b465ee728b)  -> (artifact id: '611ca90864681463772576027f82d851') in 0.017894 seconds
Number of updated asset objects reloaded before import = 0
Number of asset objects unloaded after import = 2
========================================================================
Received Import Request.
  Time since last request: 0.021681 seconds.
  path: Assets/10.Others/WorldMaterialsFree/Resource Files/DesertSandBrick/DesertSandBricks_YFliped_Normal.png
  artifactKey: Guid(db261c095f99c104aaf9df8823505787) Importer(815301076,1909f56bfc062723c751e8b465ee728b)
Start importing Assets/10.Others/WorldMaterialsFree/Resource Files/DesertSandBrick/DesertSandBricks_YFliped_Normal.png using Guid(db261c095f99c104aaf9df8823505787) Importer(815301076,1909f56bfc062723c751e8b465ee728b)  -> (artifact id: 'b825ff01bf3617527e14a42325df30c7') in 0.077399 seconds
Number of updated asset objects reloaded before import = 0
Number of asset objects unloaded after import = 2
========================================================================
Received Import Request.
  Time since last request: 0.253420 seconds.
  path: Assets/10.Others/WorldMaterialsFree/Resource Files/DryRockyDirt/DryRockyDirt_Albedo.png
  artifactKey: Guid(133dc91bc0027424f846f4cff389cb9f) Importer(815301076,1909f56bfc062723c751e8b465ee728b)
Start importing Assets/10.Others/WorldMaterialsFree/Resource Files/DryRockyDirt/DryRockyDirt_Albedo.png using Guid(133dc91bc0027424f846f4cff389cb9f) Importer(815301076,1909f56bfc062723c751e8b465ee728b)  -> (artifact id: '7f04f1263507df6f14936bfe884aecf6') in 0.016239 seconds
Number of updated asset objects reloaded before import = 0
Number of asset objects unloaded after import = 2
========================================================================
Received Import Request.
  Time since last request: 0.000021 seconds.
  path: Assets/10.Others/WorldMaterialsFree/Resource Files/DryRockyDirt/DryRockyDirt_Normal.png
  artifactKey: Guid(2161ba133e4339643a2a41e132531c56) Importer(815301076,1909f56bfc062723c751e8b465ee728b)
Start importing Assets/10.Others/WorldMaterialsFree/Resource Files/DryRockyDirt/DryRockyDirt_Normal.png using Guid(2161ba133e4339643a2a41e132531c56) Importer(815301076,1909f56bfc062723c751e8b465ee728b)  -> (artifact id: '5f9a447eb31b9ed07e88faabffca7791') in 0.091081 seconds
Number of updated asset objects reloaded before import = 0
Number of asset objects unloaded after import = 2
========================================================================
Received Import Request.
  Time since last request: 0.000547 seconds.
  path: Assets/10.Others/WorldMaterialsFree/Resource Files/DryRockyDirt/DryRockyDirt_Smoothness.png
  artifactKey: Guid(ae834f1f24a1f1f459d07aae04d05eb1) Importer(815301076,1909f56bfc062723c751e8b465ee728b)
Start importing Assets/10.Others/WorldMaterialsFree/Resource Files/DryRockyDirt/DryRockyDirt_Smoothness.png using Guid(ae834f1f24a1f1f459d07aae04d05eb1) Importer(815301076,1909f56bfc062723c751e8b465ee728b)  -> (artifact id: '4ee39822356b6bd23e8b9075225c370d') in 0.019525 seconds
Number of updated asset objects reloaded before import = 0
Number of asset objects unloaded after import = 2
========================================================================
Received Import Request.
  Time since last request: 0.255786 seconds.
  path: Assets/10.Others/WorldMaterialsFree/Resource Files/GrassClumps/GrassClumps_albedo.png
  artifactKey: Guid(b500db8fa0ef7a748a05edd476f8792c) Importer(815301076,1909f56bfc062723c751e8b465ee728b)
Start importing Assets/10.Others/WorldMaterialsFree/Resource Files/GrassClumps/GrassClumps_albedo.png using Guid(b500db8fa0ef7a748a05edd476f8792c) Importer(815301076,1909f56bfc062723c751e8b465ee728b)  -> (artifact id: 'd88c933ea799c43f20ef7f44c52a9919') in 0.014857 seconds
Number of updated asset objects reloaded before import = 0
Number of asset objects unloaded after import = 2
========================================================================
Received Import Request.
  Time since last request: 0.017621 seconds.
  path: Assets/10.Others/WorldMaterialsFree/Resource Files/GrassClumps/GrassClumps_normal.png
  artifactKey: Guid(94f1b3e664544014b883305acee2bff8) Importer(815301076,1909f56bfc062723c751e8b465ee728b)
Start importing Assets/10.Others/WorldMaterialsFree/Resource Files/GrassClumps/GrassClumps_normal.png using Guid(94f1b3e664544014b883305acee2bff8) Importer(815301076,1909f56bfc062723c751e8b465ee728b)  -> (artifact id: '11f341f6ada55e776c50c2eeed8d8e0b') in 0.080132 seconds
Number of updated asset objects reloaded before import = 0
Number of asset objects unloaded after import = 2
========================================================================
Received Import Request.
  Time since last request: 0.000036 seconds.
  path: Assets/10.Others/WorldMaterialsFree/Resource Files/GrassClumps/GrassClumps_Yfliped_normal.png
  artifactKey: Guid(384a7c41f40c1eb42af0c794cb38743d) Importer(815301076,1909f56bfc062723c751e8b465ee728b)
Start importing Assets/10.Others/WorldMaterialsFree/Resource Files/GrassClumps/GrassClumps_Yfliped_normal.png using Guid(384a7c41f40c1eb42af0c794cb38743d) Importer(815301076,1909f56bfc062723c751e8b465ee728b)  -> (artifact id: '8b246bf2090cccec2415bf2e48bea3ef') in 0.017414 seconds
Number of updated asset objects reloaded before import = 0
Number of asset objects unloaded after import = 2
========================================================================
Received Import Request.
  Time since last request: 0.266615 seconds.
  path: Assets/10.Others/WorldMaterialsFree/Resource Files/GrassGravel/GrassGravel_Albedo.png
  artifactKey: Guid(44a48fe88ad4f5844b6d1672bf702e4f) Importer(815301076,1909f56bfc062723c751e8b465ee728b)
Start importing Assets/10.Others/WorldMaterialsFree/Resource Files/GrassGravel/GrassGravel_Albedo.png using Guid(44a48fe88ad4f5844b6d1672bf702e4f) Importer(815301076,1909f56bfc062723c751e8b465ee728b)  -> (artifact id: 'f8483d7a334a3aab4ef796206f9e387b') in 0.014960 seconds
Number of updated asset objects reloaded before import = 0
Number of asset objects unloaded after import = 2
========================================================================
Received Import Request.
  Time since last request: 0.003672 seconds.
  path: Assets/10.Others/WorldMaterialsFree/Resource Files/GrassGravel/GrassGravel_normal.png
  artifactKey: Guid(ffb1ec4f6f1b66b44a452109100a2a5a) Importer(815301076,1909f56bfc062723c751e8b465ee728b)
Start importing Assets/10.Others/WorldMaterialsFree/Resource Files/GrassGravel/GrassGravel_normal.png using Guid(ffb1ec4f6f1b66b44a452109100a2a5a) Importer(815301076,1909f56bfc062723c751e8b465ee728b)  -> (artifact id: '665a6aa130fe2ec78c4071b42da30846') in 0.072856 seconds
Number of updated asset objects reloaded before import = 0
Number of asset objects unloaded after import = 2
========================================================================
Received Import Request.
  Time since last request: 0.000026 seconds.
  path: Assets/10.Others/WorldMaterialsFree/Resource Files/GrassGravel/GrassGravel_YFliped_normal.png
  artifactKey: Guid(22da1a499fabde34888dba098e5c9d50) Importer(815301076,1909f56bfc062723c751e8b465ee728b)
Start importing Assets/10.Others/WorldMaterialsFree/Resource Files/GrassGravel/GrassGravel_YFliped_normal.png using Guid(22da1a499fabde34888dba098e5c9d50) Importer(815301076,1909f56bfc062723c751e8b465ee728b)  -> (artifact id: '3e283463f4eccfc8210b161cd3a793d5') in 0.025466 seconds
Number of updated asset objects reloaded before import = 0
Number of asset objects unloaded after import = 2
========================================================================
Received Import Request.
  Time since last request: 0.190898 seconds.
  path: Assets/10.Others/WorldMaterialsFree/Resource Files/HexBricks/HexBricks_Albedo.png
  artifactKey: Guid(a722c3f6057abe04a94034f923d953fb) Importer(815301076,1909f56bfc062723c751e8b465ee728b)
Start importing Assets/10.Others/WorldMaterialsFree/Resource Files/HexBricks/HexBricks_Albedo.png using Guid(a722c3f6057abe04a94034f923d953fb) Importer(815301076,1909f56bfc062723c751e8b465ee728b)  -> (artifact id: 'fc05fbe7d02dd842ac3284acdbf8cd5e') in 0.019977 seconds
Number of updated asset objects reloaded before import = 0
Number of asset objects unloaded after import = 2
========================================================================
Received Import Request.
  Time since last request: 0.000018 seconds.
  path: Assets/10.Others/WorldMaterialsFree/Resource Files/HexBricks/HexBricks_normal.png
  artifactKey: Guid(d4f69a826c0a5234cb14cd32957f13b8) Importer(815301076,1909f56bfc062723c751e8b465ee728b)
Start importing Assets/10.Others/WorldMaterialsFree/Resource Files/HexBricks/HexBricks_normal.png using Guid(d4f69a826c0a5234cb14cd32957f13b8) Importer(815301076,1909f56bfc062723c751e8b465ee728b)  -> (artifact id: 'e7422d8ebe33829f28823b8ce22f0e29') in 0.017137 seconds
Number of updated asset objects reloaded before import = 0
Number of asset objects unloaded after import = 2
========================================================================
Received Import Request.
  Time since last request: 0.313606 seconds.
  path: Assets/10.Others/WorldMaterialsFree/Resource Files/PebbledGravel/PebbledGravel_Albedo.png
  artifactKey: Guid(f4ed305362918144e97c242b8301811e) Importer(815301076,1909f56bfc062723c751e8b465ee728b)
Start importing Assets/10.Others/WorldMaterialsFree/Resource Files/PebbledGravel/PebbledGravel_Albedo.png using Guid(f4ed305362918144e97c242b8301811e) Importer(815301076,1909f56bfc062723c751e8b465ee728b)  -> (artifact id: '937e460a4346d625892ffe9d955bca19') in 0.014570 seconds
Number of updated asset objects reloaded before import = 0
Number of asset objects unloaded after import = 2
========================================================================
Received Import Request.
  Time since last request: 0.008952 seconds.
  path: Assets/10.Others/WorldMaterialsFree/Resource Files/PebbledGravel/PebbledGravel_normal.png
  artifactKey: Guid(df03f46979b9391479c23bf6daef5213) Importer(815301076,1909f56bfc062723c751e8b465ee728b)
Start importing Assets/10.Others/WorldMaterialsFree/Resource Files/PebbledGravel/PebbledGravel_normal.png using Guid(df03f46979b9391479c23bf6daef5213) Importer(815301076,1909f56bfc062723c751e8b465ee728b)  -> (artifact id: '468128e6488f8163c10780d79e2efe82') in 0.054082 seconds
Number of updated asset objects reloaded before import = 0
Number of asset objects unloaded after import = 2
========================================================================
Received Import Request.
  Time since last request: 0.000209 seconds.
  path: Assets/10.Others/WorldMaterialsFree/Resource Files/PebbledGravel/PebbledGravel_smoothness.png
  artifactKey: Guid(78e0f021c5e92c64d967315093e39104) Importer(815301076,1909f56bfc062723c751e8b465ee728b)
Start importing Assets/10.Others/WorldMaterialsFree/Resource Files/PebbledGravel/PebbledGravel_smoothness.png using Guid(78e0f021c5e92c64d967315093e39104) Importer(815301076,1909f56bfc062723c751e8b465ee728b)  -> (artifact id: 'dfe7431781237e68a9be56ee09c1ea8d') in 0.019707 seconds
Number of updated asset objects reloaded before import = 0
Number of asset objects unloaded after import = 2
========================================================================
Received Import Request.
  Time since last request: 0.266956 seconds.
  path: Assets/10.Others/WorldMaterialsFree/Resource Files/PlainFabric/PlainFabric_Albedo.png
  artifactKey: Guid(cead994c572233a4c95183f57099d859) Importer(815301076,1909f56bfc062723c751e8b465ee728b)
Start importing Assets/10.Others/WorldMaterialsFree/Resource Files/PlainFabric/PlainFabric_Albedo.png using Guid(cead994c572233a4c95183f57099d859) Importer(815301076,1909f56bfc062723c751e8b465ee728b)  -> (artifact id: '47360aa72700feaaa82c8d8cdc160375') in 0.012626 seconds
Number of updated asset objects reloaded before import = 0
Number of asset objects unloaded after import = 2
========================================================================
Received Import Request.
  Time since last request: 0.007962 seconds.
  path: Assets/10.Others/WorldMaterialsFree/Resource Files/PlainFabric/PlainFabric_AO.png
  artifactKey: Guid(f2cd96d15ec35434a9d1a25da2376197) Importer(815301076,1909f56bfc062723c751e8b465ee728b)
Start importing Assets/10.Others/WorldMaterialsFree/Resource Files/PlainFabric/PlainFabric_AO.png using Guid(f2cd96d15ec35434a9d1a25da2376197) Importer(815301076,1909f56bfc062723c751e8b465ee728b)  -> (artifact id: 'c47c92ddf0c3abd12587e69752312f0f') in 0.032349 seconds
Number of updated asset objects reloaded before import = 0
Number of asset objects unloaded after import = 2
========================================================================
Received Import Request.
  Time since last request: 0.003352 seconds.
  path: Assets/10.Others/WorldMaterialsFree/Resource Files/PlainFabric/PlainFabric_roughness.png
  artifactKey: Guid(abf415518e7643c46b244dcbd4d280a9) Importer(815301076,1909f56bfc062723c751e8b465ee728b)
Start importing Assets/10.Others/WorldMaterialsFree/Resource Files/PlainFabric/PlainFabric_roughness.png using Guid(abf415518e7643c46b244dcbd4d280a9) Importer(815301076,1909f56bfc062723c751e8b465ee728b)  -> (artifact id: 'a37146d142a95c5e0c6468e8a0da9180') in 0.047267 seconds
Number of updated asset objects reloaded before import = 0
Number of asset objects unloaded after import = 2
========================================================================
Received Import Request.
  Time since last request: 0.026655 seconds.
  path: Assets/10.Others/WorldMaterialsFree/Resource Files/PlainFabric/PlainFabric_YFliped_normal.png
  artifactKey: Guid(50ce78b24957d6a428e73130db9ebfeb) Importer(815301076,1909f56bfc062723c751e8b465ee728b)
Start importing Assets/10.Others/WorldMaterialsFree/Resource Files/PlainFabric/PlainFabric_YFliped_normal.png using Guid(50ce78b24957d6a428e73130db9ebfeb) Importer(815301076,1909f56bfc062723c751e8b465ee728b)  -> (artifact id: '265ce61a8d14efa2b01085894c1b62fd') in 0.058429 seconds
Number of updated asset objects reloaded before import = 0
Number of asset objects unloaded after import = 2
========================================================================
Received Import Request.
  Time since last request: 0.165615 seconds.
  path: Assets/10.Others/WorldMaterialsFree/Resource Files/RuinStoneBricks/RuinStoneBricks_Albedo.png
  artifactKey: Guid(47e19e96c5e387843ba535f4af8e8b89) Importer(815301076,1909f56bfc062723c751e8b465ee728b)
Start importing Assets/10.Others/WorldMaterialsFree/Resource Files/RuinStoneBricks/RuinStoneBricks_Albedo.png using Guid(47e19e96c5e387843ba535f4af8e8b89) Importer(815301076,1909f56bfc062723c751e8b465ee728b)  -> (artifact id: '3fb9d7d2d80333349797ea2cfab5e7dd') in 0.020201 seconds
Number of updated asset objects reloaded before import = 0
Number of asset objects unloaded after import = 2
========================================================================
Received Import Request.
  Time since last request: 0.000015 seconds.
  path: Assets/10.Others/WorldMaterialsFree/Resource Files/RuinStoneBricks/RuinStoneBricks_normal.png
  artifactKey: Guid(f7d9f421b54fb5b4f9e8346b078c6b47) Importer(815301076,1909f56bfc062723c751e8b465ee728b)
Start importing Assets/10.Others/WorldMaterialsFree/Resource Files/RuinStoneBricks/RuinStoneBricks_normal.png using Guid(f7d9f421b54fb5b4f9e8346b078c6b47) Importer(815301076,1909f56bfc062723c751e8b465ee728b)  -> (artifact id: '5d1e0e73eb2298bb8b351fb4bf9196c0') in 0.017497 seconds
Number of updated asset objects reloaded before import = 0
Number of asset objects unloaded after import = 2
========================================================================
Received Import Request.
  Time since last request: 0.810484 seconds.
  path: Assets/10.Others/WorldMaterialsFree/Resource Files/SimpleRedBricks/SimpleRedBricks_Albedo.png
  artifactKey: Guid(0e8f903bf9016b547aa6eabef5dbe657) Importer(815301076,1909f56bfc062723c751e8b465ee728b)
Start importing Assets/10.Others/WorldMaterialsFree/Resource Files/SimpleRedBricks/SimpleRedBricks_Albedo.png using Guid(0e8f903bf9016b547aa6eabef5dbe657) Importer(815301076,1909f56bfc062723c751e8b465ee728b)  -> (artifact id: '3df8bc69e365096c20c3a6ff1808c99a') in 0.029896 seconds
Number of updated asset objects reloaded before import = 0
Number of asset objects unloaded after import = 2
========================================================================
Received Import Request.
  Time since last request: 0.000018 seconds.
  path: Assets/10.Others/WorldMaterialsFree/Resource Files/SimpleRedBricks/SimpleRedBricks_roughness.png
  artifactKey: Guid(152eb464a6b34704da15fc721bf15b3b) Importer(815301076,1909f56bfc062723c751e8b465ee728b)
Start importing Assets/10.Others/WorldMaterialsFree/Resource Files/SimpleRedBricks/SimpleRedBricks_roughness.png using Guid(152eb464a6b34704da15fc721bf15b3b) Importer(815301076,1909f56bfc062723c751e8b465ee728b)  -> (artifact id: '7bece61b09d53099ee64d7deb9546711') in 0.020710 seconds
Number of updated asset objects reloaded before import = 0
Number of asset objects unloaded after import = 2
========================================================================
Received Import Request.
  Time since last request: 0.000027 seconds.
  path: Assets/10.Others/WorldMaterialsFree/Resource Files/SimpleRedBricks/SimpleRedBricks_YFliped_normal.png
  artifactKey: Guid(a458baa43e775f940923d35eeb6ac221) Importer(815301076,1909f56bfc062723c751e8b465ee728b)
Start importing Assets/10.Others/WorldMaterialsFree/Resource Files/SimpleRedBricks/SimpleRedBricks_YFliped_normal.png using Guid(a458baa43e775f940923d35eeb6ac221) Importer(815301076,1909f56bfc062723c751e8b465ee728b)  -> (artifact id: '2d3db65009e1cab8d3df1aff6a9ffdef') in 0.064586 seconds
Number of updated asset objects reloaded before import = 0
Number of asset objects unloaded after import = 2
========================================================================
Received Prepare
Begin MonoManager ReloadAssembly
Symbol file LoadedFromMemory doesn't match image D:\Unity 2022.3.2f1\Fake Random Defence\RandomDefence\Library\PackageCache\com.unity.visualscripting@1.8.0\Editor\VisualScripting.Core\Dependencies\YamlDotNet\Unity.VisualScripting.YamlDotNet.dll
Symbol file LoadedFromMemory doesn't match image D:\Unity 2022.3.2f1\Fake Random Defence\RandomDefence\Library\PackageCache\com.unity.visualscripting@1.8.0\Editor\VisualScripting.Core\Dependencies\DotNetZip\Unity.VisualScripting.IonicZip.dll
- Loaded All Assemblies, in  0.726 seconds
Refreshing native plugins compatible for Editor in 2.96 ms, found 4 plugins.
Native extension for WindowsStandalone target not found
Native extension for iOS target not found
Native extension for Android target not found
[MODES] ModeService[none].Initialize
[MODES] ModeService[none].LoadModes
[MODES] Loading mode Default (0) for mode-current-id-RandomDefence
[Package Manager] Server::EnsureServerProcessIsRunning -- launch failed, reason: Unity was launched with the -noUpm command-line argument
[Package Manager] UpmClient::Send -- Unable to send message (not connected to UPM process).
[Package Manager] Cannot connect to Unity Package Manager local server
Mono: successfully reloaded assembly
- Finished resetting the current domain, in  1.049 seconds
Domain Reload Profiling: 1772ms
	BeginReloadAssembly (143ms)
		ExecutionOrderSort (0ms)
		DisableScriptedObjects (5ms)
		BackupInstance (0ms)
		ReleaseScriptingObjects (0ms)
		CreateAndSetChildDomain (40ms)
	RebuildCommonClasses (34ms)
	RebuildNativeTypeToScriptingClass (12ms)
	initialDomainReloadingComplete (35ms)
	LoadAllAssembliesAndSetupDomain (498ms)
		LoadAssemblies (271ms)
		RebuildTransferFunctionScriptingTraits (0ms)
		AnalyzeDomain (289ms)
			TypeCache.Refresh (284ms)
				TypeCache.ScanAssembly (270ms)
			ScanForSourceGeneratedMonoScriptInfo (0ms)
			ResolveRequiredComponents (5ms)
	FinalizeReload (1050ms)
		ReleaseScriptCaches (0ms)
		RebuildScriptCaches (0ms)
		SetupLoadedEditorAssemblies (535ms)
			LogAssemblyErrors (0ms)
			InitializePlatformSupportModulesInManaged (45ms)
			SetLoadedEditorAssemblies (6ms)
			RefreshPlugins (0ms)
			BeforeProcessingInitializeOnLoad (88ms)
			ProcessInitializeOnLoadAttributes (365ms)
			ProcessInitializeOnLoadMethodAttributes (19ms)
			AfterProcessingInitializeOnLoad (12ms)
			EditorAssembliesLoaded (0ms)
		ExecutionOrderSort2 (0ms)
		AwakeInstancesAfterBackupRestoration (14ms)
Refreshing native plugins compatible for Editor in 3.52 ms, found 4 plugins.
Preloading 0 native plugins for Editor in 0.00 ms.
Unloading 4009 Unused Serialized files (Serialized files now loaded: 0)
Unloading 37 unused Assets / (0.8 MB). Loaded Objects now: 4523.
Memory consumption went from 159.5 MB to 158.6 MB.
Total: 4.302400 ms (FindLiveObjects: 0.357200 ms CreateObjectMapping: 0.134300 ms MarkObjects: 3.185300 ms  DeleteObjects: 0.624000 ms)

Prepare: number of updated asset objects reloaded= 0
AssetImportParameters requested are different than current active one (requested -> active):
  custom:container-demuxer-ogg: 62fdf1f143b41e24485cea50d1cbac27 -> 
  custom:video-decoder-ogg-theora: a1e56fd34408186e4bbccfd4996cb3dc -> 
  custom:framework-win-MediaFoundation: 216162199b28c13a410421893ffa2e32 -> 
  custom:container-demuxer-webm: 4f35f7cbe854078d1ac9338744f61a02 -> 
  custom:container-muxer-webm: aa71ff27fc2769a1b78a27578f13a17b -> 
  custom:video-decoder-webm-vp8: 9c59270c3fd7afecdb556c50c9e8de78 -> 
  custom:AudioImporter_EditorPlatform: d09bf68614088b80899f8185d706f6e7 -> 
  custom:video-encoder-webm-vp8: eb34c28f22e8b96e1ab97ce403110664 -> 
  custom:audio-decoder-ogg-vorbis: bf7c407c2cedff20999df2af8eb42d56 -> 
  custom:audio-encoder-webm-vorbis: bf7c407c2cedff20999df2af8eb42d56 -> 
========================================================================
Received Import Request.
  Time since last request: 442.201911 seconds.
  path: Assets/00.Scenes/Map.unity
  artifactKey: Guid(e3a0b3f1d6f00524d81bbde3f80a0790) Importer(815301076,1909f56bfc062723c751e8b465ee728b)
Start importing Assets/00.Scenes/Map.unity using Guid(e3a0b3f1d6f00524d81bbde3f80a0790) Importer(815301076,1909f56bfc062723c751e8b465ee728b)  -> (artifact id: 'd1a3b56305a0a72ad885fcc1801dc203') in 0.003891 seconds
Number of updated asset objects reloaded before import = 0
Number of asset objects unloaded after import = 0
========================================================================
Received Import Request.
  Time since last request: 131.802956 seconds.
  path: Assets/04.Prefabs/Floor.prefab
  artifactKey: Guid(662a0f04d7f547e4ea774ef6840581dd) Importer(815301076,1909f56bfc062723c751e8b465ee728b)
Start importing Assets/04.Prefabs/Floor.prefab using Guid(662a0f04d7f547e4ea774ef6840581dd) Importer(815301076,1909f56bfc062723c751e8b465ee728b)  -> (artifact id: '6a6d4502e02a283b0f68ef03b0d9370c') in 0.168195 seconds
Number of updated asset objects reloaded before import = 0
Number of asset objects unloaded after import = 275
========================================================================
Received Import Request.
  Time since last request: 5.880136 seconds.
  path: Assets/04.Prefabs/Floor.prefab
  artifactKey: Guid(662a0f04d7f547e4ea774ef6840581dd) Importer(815301076,1909f56bfc062723c751e8b465ee728b)
Start importing Assets/04.Prefabs/Floor.prefab using Guid(662a0f04d7f547e4ea774ef6840581dd) Importer(815301076,1909f56bfc062723c751e8b465ee728b)  -> (artifact id: 'c96f0c1cf538057adbe1ea43d7f444ad') in 0.071514 seconds
Number of updated asset objects reloaded before import = 0
Number of asset objects unloaded after import = 225
========================================================================
Received Import Request.
  Time since last request: 34.686719 seconds.
  path: Assets/04.Prefabs/Floor.prefab
  artifactKey: Guid(662a0f04d7f547e4ea774ef6840581dd) Importer(815301076,1909f56bfc062723c751e8b465ee728b)
Start importing Assets/04.Prefabs/Floor.prefab using Guid(662a0f04d7f547e4ea774ef6840581dd) Importer(815301076,1909f56bfc062723c751e8b465ee728b)  -> (artifact id: '935a409f40a1db89d26d22bc91384750') in 0.057865 seconds
Number of updated asset objects reloaded before import = 0
Number of asset objects unloaded after import = 225
========================================================================
Received Import Request.
  Time since last request: 4.765894 seconds.
  path: Assets/04.Prefabs/Floor (1).prefab
  artifactKey: Guid(292acfb0d06902e4c8571c9057afef84) Importer(815301076,1909f56bfc062723c751e8b465ee728b)
Start importing Assets/04.Prefabs/Floor (1).prefab using Guid(292acfb0d06902e4c8571c9057afef84) Importer(815301076,1909f56bfc062723c751e8b465ee728b)  -> (artifact id: '6e0d190041971668fc3ee064c6e6aa4e') in 0.050079 seconds
Number of updated asset objects reloaded before import = 0
Number of asset objects unloaded after import = 223
========================================================================
Received Prepare
Begin MonoManager ReloadAssembly
Symbol file LoadedFromMemory doesn't match image D:\Unity 2022.3.2f1\Fake Random Defence\RandomDefence\Library\PackageCache\com.unity.visualscripting@1.8.0\Editor\VisualScripting.Core\Dependencies\YamlDotNet\Unity.VisualScripting.YamlDotNet.dll
Symbol file LoadedFromMemory doesn't match image D:\Unity 2022.3.2f1\Fake Random Defence\RandomDefence\Library\PackageCache\com.unity.visualscripting@1.8.0\Editor\VisualScripting.Core\Dependencies\DotNetZip\Unity.VisualScripting.IonicZip.dll
- Loaded All Assemblies, in  0.676 seconds
Refreshing native plugins compatible for Editor in 8.30 ms, found 4 plugins.
Native extension for WindowsStandalone target not found
Native extension for iOS target not found
Native extension for Android target not found
[MODES] ModeService[none].Initialize
[MODES] ModeService[none].LoadModes
[MODES] Loading mode Default (0) for mode-current-id-RandomDefence
[Package Manager] Server::EnsureServerProcessIsRunning -- launch failed, reason: Unity was launched with the -noUpm command-line argument
[Package Manager] UpmClient::Send -- Unable to send message (not connected to UPM process).
[Package Manager] Cannot connect to Unity Package Manager local server
Mono: successfully reloaded assembly
- Finished resetting the current domain, in  0.896 seconds
Domain Reload Profiling: 1569ms
	BeginReloadAssembly (140ms)
		ExecutionOrderSort (0ms)
		DisableScriptedObjects (4ms)
		BackupInstance (0ms)
		ReleaseScriptingObjects (0ms)
		CreateAndSetChildDomain (38ms)
	RebuildCommonClasses (32ms)
	RebuildNativeTypeToScriptingClass (9ms)
	initialDomainReloadingComplete (30ms)
	LoadAllAssembliesAndSetupDomain (461ms)
		LoadAssemblies (272ms)
		RebuildTransferFunctionScriptingTraits (0ms)
		AnalyzeDomain (251ms)
			TypeCache.Refresh (247ms)
				TypeCache.ScanAssembly (234ms)
			ScanForSourceGeneratedMonoScriptInfo (0ms)
			ResolveRequiredComponents (4ms)
	FinalizeReload (897ms)
		ReleaseScriptCaches (0ms)
		RebuildScriptCaches (0ms)
		SetupLoadedEditorAssemblies (452ms)
			LogAssemblyErrors (0ms)
			InitializePlatformSupportModulesInManaged (33ms)
			SetLoadedEditorAssemblies (4ms)
			RefreshPlugins (0ms)
			BeforeProcessingInitializeOnLoad (68ms)
			ProcessInitializeOnLoadAttributes (316ms)
			ProcessInitializeOnLoadMethodAttributes (18ms)
			AfterProcessingInitializeOnLoad (13ms)
			EditorAssembliesLoaded (0ms)
		ExecutionOrderSort2 (0ms)
		AwakeInstancesAfterBackupRestoration (17ms)
Refreshing native plugins compatible for Editor in 3.38 ms, found 4 plugins.
Preloading 0 native plugins for Editor in 0.00 ms.
Unloading 4009 Unused Serialized files (Serialized files now loaded: 0)
Unloading 36 unused Assets / (0.8 MB). Loaded Objects now: 4546.
Memory consumption went from 159.7 MB to 158.8 MB.
Total: 4.311400 ms (FindLiveObjects: 0.284000 ms CreateObjectMapping: 0.135900 ms MarkObjects: 3.450100 ms  DeleteObjects: 0.440300 ms)

Prepare: number of updated asset objects reloaded= 0
AssetImportParameters requested are different than current active one (requested -> active):
  custom:container-demuxer-ogg: 62fdf1f143b41e24485cea50d1cbac27 -> 
  custom:video-decoder-ogg-theora: a1e56fd34408186e4bbccfd4996cb3dc -> 
  custom:framework-win-MediaFoundation: 216162199b28c13a410421893ffa2e32 -> 
  custom:container-demuxer-webm: 4f35f7cbe854078d1ac9338744f61a02 -> 
  custom:container-muxer-webm: aa71ff27fc2769a1b78a27578f13a17b -> 
  custom:video-decoder-webm-vp8: 9c59270c3fd7afecdb556c50c9e8de78 -> 
  custom:AudioImporter_EditorPlatform: d09bf68614088b80899f8185d706f6e7 -> 
  custom:video-encoder-webm-vp8: eb34c28f22e8b96e1ab97ce403110664 -> 
  custom:audio-decoder-ogg-vorbis: bf7c407c2cedff20999df2af8eb42d56 -> 
  custom:audio-encoder-webm-vorbis: bf7c407c2cedff20999df2af8eb42d56 -> 
========================================================================
Received Import Request.
  Time since last request: 153.728857 seconds.
  path: Assets/04.Prefabs/Floor (1).prefab
  artifactKey: Guid(292acfb0d06902e4c8571c9057afef84) Importer(815301076,1909f56bfc062723c751e8b465ee728b)
Start importing Assets/04.Prefabs/Floor (1).prefab using Guid(292acfb0d06902e4c8571c9057afef84) Importer(815301076,1909f56bfc062723c751e8b465ee728b)  -> (artifact id: 'fa371113bff199acfdf8d6a052f0f03e') in 0.128452 seconds
Number of updated asset objects reloaded before import = 0
Number of asset objects unloaded after import = 223
========================================================================
Received Import Request.
  Time since last request: 5.899955 seconds.
  path: Assets/04.Prefabs/Wall N.prefab
  artifactKey: Guid(4535a3b821134de45bbb31f20f74a25d) Importer(815301076,1909f56bfc062723c751e8b465ee728b)
Start importing Assets/04.Prefabs/Wall N.prefab using Guid(4535a3b821134de45bbb31f20f74a25d) Importer(815301076,1909f56bfc062723c751e8b465ee728b)  -> (artifact id: 'b7463154928aa8b10d7f646151c1db95') in 0.048009 seconds
Number of updated asset objects reloaded before import = 0
Number of asset objects unloaded after import = 211
========================================================================
Received Import Request.
  Time since last request: 3.891206 seconds.
  path: Assets/04.Prefabs/Wall N.prefab
  artifactKey: Guid(4535a3b821134de45bbb31f20f74a25d) Importer(815301076,1909f56bfc062723c751e8b465ee728b)
Start importing Assets/04.Prefabs/Wall N.prefab using Guid(4535a3b821134de45bbb31f20f74a25d) Importer(815301076,1909f56bfc062723c751e8b465ee728b)  -> (artifact id: 'fa339cdd194749e88f8372e10443125d') in 0.016714 seconds
Number of updated asset objects reloaded before import = 0
Number of asset objects unloaded after import = 211
========================================================================
Received Import Request.
  Time since last request: 4.266710 seconds.
  path: Assets/04.Prefabs/Wall N.prefab
  artifactKey: Guid(4535a3b821134de45bbb31f20f74a25d) Importer(815301076,1909f56bfc062723c751e8b465ee728b)
Start importing Assets/04.Prefabs/Wall N.prefab using Guid(4535a3b821134de45bbb31f20f74a25d) Importer(815301076,1909f56bfc062723c751e8b465ee728b)  -> (artifact id: 'bed321dd497544a39223483aafd8f6a9') in 0.040203 seconds
Number of updated asset objects reloaded before import = 0
Number of asset objects unloaded after import = 211
========================================================================
Received Import Request.
  Time since last request: 2.619936 seconds.
  path: Assets/04.Prefabs/Wall N.prefab
  artifactKey: Guid(4535a3b821134de45bbb31f20f74a25d) Importer(815301076,1909f56bfc062723c751e8b465ee728b)
Start importing Assets/04.Prefabs/Wall N.prefab using Guid(4535a3b821134de45bbb31f20f74a25d) Importer(815301076,1909f56bfc062723c751e8b465ee728b)  -> (artifact id: 'b1514a13d4a8af9f68ae5bd2d365ef82') in 0.028402 seconds
Number of updated asset objects reloaded before import = 0
Number of asset objects unloaded after import = 413
========================================================================
Received Import Request.
  Time since last request: 2.568362 seconds.
  path: Assets/04.Prefabs/Wall N.prefab
  artifactKey: Guid(4535a3b821134de45bbb31f20f74a25d) Importer(815301076,1909f56bfc062723c751e8b465ee728b)
Start importing Assets/04.Prefabs/Wall N.prefab using Guid(4535a3b821134de45bbb31f20f74a25d) Importer(815301076,1909f56bfc062723c751e8b465ee728b)  -> (artifact id: 'ddd44c3c80386a261bec890a8abc6500') in 0.028363 seconds
Number of updated asset objects reloaded before import = 0
Number of asset objects unloaded after import = 413
========================================================================
Received Import Request.
  Time since last request: 3.396126 seconds.
  path: Assets/04.Prefabs/Wall N.prefab
  artifactKey: Guid(4535a3b821134de45bbb31f20f74a25d) Importer(815301076,1909f56bfc062723c751e8b465ee728b)
Start importing Assets/04.Prefabs/Wall N.prefab using Guid(4535a3b821134de45bbb31f20f74a25d) Importer(815301076,1909f56bfc062723c751e8b465ee728b)  -> (artifact id: 'eb25b4d25a2c17d959b07d43fdc8df69') in 0.026895 seconds
Number of updated asset objects reloaded before import = 0
Number of asset objects unloaded after import = 413
========================================================================
Received Import Request.
  Time since last request: 2.600571 seconds.
  path: Assets/04.Prefabs/Wall N.prefab
  artifactKey: Guid(4535a3b821134de45bbb31f20f74a25d) Importer(815301076,1909f56bfc062723c751e8b465ee728b)
Start importing Assets/04.Prefabs/Wall N.prefab using Guid(4535a3b821134de45bbb31f20f74a25d) Importer(815301076,1909f56bfc062723c751e8b465ee728b)  -> (artifact id: 'c289f2b431f424611bf5e8cdce1131a1') in 0.026910 seconds
Number of updated asset objects reloaded before import = 0
Number of asset objects unloaded after import = 615
========================================================================
Received Import Request.
  Time since last request: 1.809760 seconds.
  path: Assets/04.Prefabs/Wall N.prefab
  artifactKey: Guid(4535a3b821134de45bbb31f20f74a25d) Importer(815301076,1909f56bfc062723c751e8b465ee728b)
Start importing Assets/04.Prefabs/Wall N.prefab using Guid(4535a3b821134de45bbb31f20f74a25d) Importer(815301076,1909f56bfc062723c751e8b465ee728b)  -> (artifact id: '413c2d9775da316cb482fd9f171a7583') in 0.040666 seconds
Number of updated asset objects reloaded before import = 0
Number of asset objects unloaded after import = 615
========================================================================
Received Import Request.
  Time since last request: 1.765758 seconds.
  path: Assets/04.Prefabs/Wall N.prefab
  artifactKey: Guid(4535a3b821134de45bbb31f20f74a25d) Importer(815301076,1909f56bfc062723c751e8b465ee728b)
Start importing Assets/04.Prefabs/Wall N.prefab using Guid(4535a3b821134de45bbb31f20f74a25d) Importer(815301076,1909f56bfc062723c751e8b465ee728b)  -> (artifact id: 'c498e06cad0c9160a79fa6bd4485c050') in 0.023545 seconds
Number of updated asset objects reloaded before import = 0
Number of asset objects unloaded after import = 615
